<?xml version="1.0" encoding="UTF-8"?>
<!-- Generated by org.testng.reporters.JUnitReportReporter -->
<testsuite skipped="0" hostname="DESKTOP-28U849G" name="org.runner.TestRunner" tests="10" failures="0" timestamp="13 Apr 2025 07:50:06 GMT" time="118.049" errors="0">
  <testcase name="runScenario" time="6.836" classname="org.runner.TestRunner"/>
  <testcase name="runScenario" time="8.849" classname="org.runner.TestRunner"/>
  <testcase name="runScenario" time="3.710" classname="org.runner.TestRunner"/>
  <testcase name="runScenario" time="6.011" classname="org.runner.TestRunner"/>
  <testcase name="runScenario" time="5.938" classname="org.runner.TestRunner"/>
  <testcase name="runScenario" time="14.495" classname="org.runner.TestRunner"/>
  <testcase name="runScenario" time="11.252" classname="org.runner.TestRunner"/>
  <testcase name="runScenario" time="22.524" classname="org.runner.TestRunner"/>
  <testcase name="runScenario" time="5.149" classname="org.runner.TestRunner"/>
  <testcase name="runScenario" time="33.285" classname="org.runner.TestRunner"/>
</testsuite> <!-- org.runner.TestRunner -->
