<?xml version="1.0" encoding="UTF-8"?>
<!-- Generated by org.testng.reporters.JUnitReportReporter -->
<testsuite skipped="0" hostname="DESKTOP-28U849G" name="org.runner.TestRunner" tests="10" failures="0" timestamp="21 Apr 2025 01:15:43 GMT" time="147.238" errors="0">
  <testcase name="runScenario" time="11.367" classname="org.runner.TestRunner"/>
  <testcase name="runScenario" time="4.070" classname="org.runner.TestRunner"/>
  <testcase name="runScenario" time="6.336" classname="org.runner.TestRunner"/>
  <testcase name="runScenario" time="16.347" classname="org.runner.TestRunner"/>
  <testcase name="runScenario" time="8.642" classname="org.runner.TestRunner"/>
  <testcase name="runScenario" time="15.129" classname="org.runner.TestRunner"/>
  <testcase name="runScenario" time="34.689" classname="org.runner.TestRunner"/>
  <testcase name="runScenario" time="7.965" classname="org.runner.TestRunner"/>
  <testcase name="runScenario" time="5.665" classname="org.runner.TestRunner"/>
  <testcase name="runScenario" time="37.028" classname="org.runner.TestRunner"/>
</testsuite> <!-- org.runner.TestRunner -->
